2018-09-14 00:35:17 INFO  Version:66 - HCANN000001: Hibernate Commons Annotations {4.0.5.Final}
2018-09-14 00:35:17 INFO  Version:54 - HHH000412: Hibernate Core {4.3.11.Final}
2018-09-14 00:35:17 INFO  Environment:239 - HHH000206: hibernate.properties not found
2018-09-14 00:35:17 INFO  Environment:346 - HHH000021: Bytecode provider name : javassist
2018-09-14 00:35:17 INFO  Configuration:2075 - HHH000043: Configuring from resource: hibernate-annotation.cfg.xml
2018-09-14 00:35:17 INFO  Configuration:2094 - HHH000040: Configuration resource: hibernate-annotation.cfg.xml
2018-09-14 00:35:18 INFO  Configuration:2216 - HHH000041: Configured SessionFactory: null
2018-09-14 00:35:19 WARN  DriverManagerConnectionProviderImpl:93 - HHH000402: Using Hibernate built-in connection pool (not for production use!)
2018-09-14 00:35:19 INFO  DriverManagerConnectionProviderImpl:166 - HHH000401: using driver [org.postgresql.Driver] at URL [jdbc:postgresql://localhost:5432/serviciosya]
2018-09-14 00:35:19 INFO  DriverManagerConnectionProviderImpl:175 - HHH000046: Connection properties: {user=postgres, password=****}
2018-09-14 00:35:19 INFO  DriverManagerConnectionProviderImpl:180 - HHH000006: Autocommit mode: false
2018-09-14 00:35:19 INFO  DriverManagerConnectionProviderImpl:102 - HHH000115: Hibernate connection pool size: 20 (min=1)
2018-09-14 00:35:20 INFO  Dialect:145 - HHH000400: Using dialect: org.hibernate.dialect.PostgreSQL82Dialect
2018-09-14 00:35:20 INFO  LobCreatorBuilder:123 - HHH000424: Disabling contextual LOB creation as createClob() method threw error : java.lang.reflect.InvocationTargetException
2018-09-14 00:35:20 ERROR HibernateUtil:50 - Initial SessionFactory creation failed.
org.hibernate.AnnotationException: @Column(s) not allowed on a @ManyToOne property: com.capgemini.serviciosya.beans.entity.CityEntity.province
	at org.hibernate.cfg.AnnotationBinder.processElementAnnotations(AnnotationBinder.java:1779)
	at org.hibernate.cfg.AnnotationBinder.processIdPropertiesIfNotAlready(AnnotationBinder.java:963)
	at org.hibernate.cfg.AnnotationBinder.bindClass(AnnotationBinder.java:796)
	at org.hibernate.cfg.Configuration$MetadataSourceQueue.processAnnotatedClassesQueue(Configuration.java:3845)
	at org.hibernate.cfg.Configuration$MetadataSourceQueue.processMetadata(Configuration.java:3799)
	at org.hibernate.cfg.Configuration.secondPassCompile(Configuration.java:1412)
	at org.hibernate.cfg.Configuration.buildSessionFactory(Configuration.java:1846)
	at com.capgemini.serviciosya.dao.orm.HibernateUtil.buildSessionAnnotationFactory(HibernateUtil.java:42)
	at com.capgemini.serviciosya.dao.orm.HibernateUtil.getSessionAnnotationFactory(HibernateUtil.java:60)
	at com.capgemini.serviciosya.dao.orm.CountryDao.<init>(CountryDao.java:18)
	at com.capgemini.serviciosya.dao.test.orm.CountryDaoAnnotationTest.<init>(CountryDaoAnnotationTest.java:15)
	at sun.reflect.NativeConstructorAccessorImpl.newInstance0(Native Method)
	at sun.reflect.NativeConstructorAccessorImpl.newInstance(NativeConstructorAccessorImpl.java:62)
	at sun.reflect.DelegatingConstructorAccessorImpl.newInstance(DelegatingConstructorAccessorImpl.java:45)
	at java.lang.reflect.Constructor.newInstance(Constructor.java:423)
	at org.junit.runners.BlockJUnit4ClassRunner.createTest(BlockJUnit4ClassRunner.java:217)
	at org.junit.runners.BlockJUnit4ClassRunner$1.runReflectiveCall(BlockJUnit4ClassRunner.java:266)
	at org.junit.internal.runners.model.ReflectiveCallable.run(ReflectiveCallable.java:12)
	at org.junit.runners.BlockJUnit4ClassRunner.methodBlock(BlockJUnit4ClassRunner.java:263)
	at org.junit.runners.BlockJUnit4ClassRunner.runChild(BlockJUnit4ClassRunner.java:78)
	at org.junit.runners.BlockJUnit4ClassRunner.runChild(BlockJUnit4ClassRunner.java:57)
	at org.junit.runners.ParentRunner$3.run(ParentRunner.java:290)
	at org.junit.runners.ParentRunner$1.schedule(ParentRunner.java:71)
	at org.junit.runners.ParentRunner.runChildren(ParentRunner.java:288)
	at org.junit.runners.ParentRunner.access$000(ParentRunner.java:58)
	at org.junit.runners.ParentRunner$2.evaluate(ParentRunner.java:268)
	at org.junit.runners.ParentRunner.run(ParentRunner.java:363)
	at org.junit.runner.JUnitCore.run(JUnitCore.java:137)
	at com.intellij.junit4.JUnit4IdeaTestRunner.startRunnerWithArgs(JUnit4IdeaTestRunner.java:68)
	at com.intellij.rt.execution.junit.IdeaTestRunner$Repeater.startRunnerWithArgs(IdeaTestRunner.java:47)
	at com.intellij.rt.execution.junit.JUnitStarter.prepareStreamsAndStart(JUnitStarter.java:242)
	at com.intellij.rt.execution.junit.JUnitStarter.main(JUnitStarter.java:70)
2018-09-14 00:36:36 INFO  Version:66 - HCANN000001: Hibernate Commons Annotations {4.0.5.Final}
2018-09-14 00:36:36 INFO  Version:54 - HHH000412: Hibernate Core {4.3.11.Final}
2018-09-14 00:36:36 INFO  Environment:239 - HHH000206: hibernate.properties not found
2018-09-14 00:36:36 INFO  Environment:346 - HHH000021: Bytecode provider name : javassist
2018-09-14 00:36:36 INFO  Configuration:2075 - HHH000043: Configuring from resource: hibernate-annotation.cfg.xml
2018-09-14 00:36:36 INFO  Configuration:2094 - HHH000040: Configuration resource: hibernate-annotation.cfg.xml
2018-09-14 00:36:37 INFO  Configuration:2216 - HHH000041: Configured SessionFactory: null
2018-09-14 00:36:37 WARN  DriverManagerConnectionProviderImpl:93 - HHH000402: Using Hibernate built-in connection pool (not for production use!)
2018-09-14 00:36:37 INFO  DriverManagerConnectionProviderImpl:166 - HHH000401: using driver [org.postgresql.Driver] at URL [jdbc:postgresql://localhost:5432/serviciosya]
2018-09-14 00:36:37 INFO  DriverManagerConnectionProviderImpl:175 - HHH000046: Connection properties: {user=postgres, password=****}
2018-09-14 00:36:37 INFO  DriverManagerConnectionProviderImpl:180 - HHH000006: Autocommit mode: false
2018-09-14 00:36:37 INFO  DriverManagerConnectionProviderImpl:102 - HHH000115: Hibernate connection pool size: 20 (min=1)
2018-09-14 00:36:38 INFO  Dialect:145 - HHH000400: Using dialect: org.hibernate.dialect.PostgreSQL82Dialect
2018-09-14 00:36:38 INFO  LobCreatorBuilder:123 - HHH000424: Disabling contextual LOB creation as createClob() method threw error : java.lang.reflect.InvocationTargetException
2018-09-14 00:36:39 ERROR HibernateUtil:50 - Initial SessionFactory creation failed.
org.hibernate.AnnotationException: @Column(s) not allowed on a @ManyToOne property: com.capgemini.serviciosya.beans.entity.CityEntity.province
	at org.hibernate.cfg.AnnotationBinder.processElementAnnotations(AnnotationBinder.java:1779)
	at org.hibernate.cfg.AnnotationBinder.processIdPropertiesIfNotAlready(AnnotationBinder.java:963)
	at org.hibernate.cfg.AnnotationBinder.bindClass(AnnotationBinder.java:796)
	at org.hibernate.cfg.Configuration$MetadataSourceQueue.processAnnotatedClassesQueue(Configuration.java:3845)
	at org.hibernate.cfg.Configuration$MetadataSourceQueue.processMetadata(Configuration.java:3799)
	at org.hibernate.cfg.Configuration.secondPassCompile(Configuration.java:1412)
	at org.hibernate.cfg.Configuration.buildSessionFactory(Configuration.java:1846)
	at com.capgemini.serviciosya.dao.orm.HibernateUtil.buildSessionAnnotationFactory(HibernateUtil.java:42)
	at com.capgemini.serviciosya.dao.orm.HibernateUtil.getSessionAnnotationFactory(HibernateUtil.java:60)
	at com.capgemini.serviciosya.dao.orm.CountryDao.<init>(CountryDao.java:18)
	at com.capgemini.serviciosya.dao.test.orm.CountryDaoAnnotationTest.<init>(CountryDaoAnnotationTest.java:15)
	at sun.reflect.NativeConstructorAccessorImpl.newInstance0(Native Method)
	at sun.reflect.NativeConstructorAccessorImpl.newInstance(NativeConstructorAccessorImpl.java:62)
	at sun.reflect.DelegatingConstructorAccessorImpl.newInstance(DelegatingConstructorAccessorImpl.java:45)
	at java.lang.reflect.Constructor.newInstance(Constructor.java:423)
	at org.junit.runners.BlockJUnit4ClassRunner.createTest(BlockJUnit4ClassRunner.java:217)
	at org.junit.runners.BlockJUnit4ClassRunner$1.runReflectiveCall(BlockJUnit4ClassRunner.java:266)
	at org.junit.internal.runners.model.ReflectiveCallable.run(ReflectiveCallable.java:12)
	at org.junit.runners.BlockJUnit4ClassRunner.methodBlock(BlockJUnit4ClassRunner.java:263)
	at org.junit.runners.BlockJUnit4ClassRunner.runChild(BlockJUnit4ClassRunner.java:78)
	at org.junit.runners.BlockJUnit4ClassRunner.runChild(BlockJUnit4ClassRunner.java:57)
	at org.junit.runners.ParentRunner$3.run(ParentRunner.java:290)
	at org.junit.runners.ParentRunner$1.schedule(ParentRunner.java:71)
	at org.junit.runners.ParentRunner.runChildren(ParentRunner.java:288)
	at org.junit.runners.ParentRunner.access$000(ParentRunner.java:58)
	at org.junit.runners.ParentRunner$2.evaluate(ParentRunner.java:268)
	at org.junit.runners.ParentRunner.run(ParentRunner.java:363)
	at org.junit.runner.JUnitCore.run(JUnitCore.java:137)
	at com.intellij.junit4.JUnit4IdeaTestRunner.startRunnerWithArgs(JUnit4IdeaTestRunner.java:68)
	at com.intellij.rt.execution.junit.IdeaTestRunner$Repeater.startRunnerWithArgs(IdeaTestRunner.java:47)
	at com.intellij.rt.execution.junit.JUnitStarter.prepareStreamsAndStart(JUnitStarter.java:242)
	at com.intellij.rt.execution.junit.JUnitStarter.main(JUnitStarter.java:70)
